<?xml version="1.0" encoding="UTF-8"?>
<!-- Generated by org.testng.reporters.JUnitReportReporter -->
<testsuite hostname="SANJAL" failures="0" tests="5" name="tests.Verifications_test" time="6.432" errors="0" timestamp="2025-06-26T22:44:31 IST" skipped="0">
  <testcase classname="tests.Verifications_test" name="secure" time="1.712"/>
  <testcase classname="tests.Verifications_test" name="logovisible" time="1.127"/>
  <testcase classname="tests.Verifications_test" name="title" time="0.845"/>
  <testcase classname="tests.Verifications_test" name="content" time="1.144"/>
  <testcase classname="tests.Verifications_test" name="responsecode" time="1.604"/>
</testsuite> <!-- tests.Verifications_test -->
