<?xml version="1.0" encoding="UTF-8"?>
<!-- Generated by org.testng.reporters.JUnitReportReporter -->
<testsuite hostname="SANJAL" failures="0" tests="1" name="tests.Register_test" time="35.614" errors="0" timestamp="2025-06-27T21:54:57 IST" skipped="0">
  <testcase classname="tests.Register_test" name="test" time="35.614"/>
</testsuite> <!-- tests.Register_test -->
