<?xml version="1.0" encoding="UTF-8"?>
<!-- Generated by org.testng.reporters.JUnitReportReporter -->
<testsuite hostname="SANJAL" failures="0" tests="1" name="tests.Homepage_test" time="37.090" errors="0" timestamp="2025-06-29T11:49:20 IST" skipped="0">
  <testcase classname="tests.Homepage_test" name="test" time="37.090"/>
</testsuite> <!-- tests.Homepage_test -->
